     1                                  SECTION .bss                                    ; uninitialized data
     2                                  
     3 00000000 <res 000000FF>              Buff resb 255
     4                                  
     5                                  SECTION .data                                   ; initialized data
     6                                  
     7 00000000 456E74657220612073-         AskInput db "Enter a string :",0xA          ; ask input string
     8 00000009 7472696E67203A0A   
     9                                      AskInputLen equ $ - AskInput                ; length of the ask input string
    10                                  
    11                                  SECTION .text                                   ; executable data
    12                                  
    13                                      global _start
    14                                  
    15                                  _start:
    16 00000000 90                          nop                                         ; keeps debuggers happy
    17                                  AskData:
    18 00000001 B804000000                  mov eax, 4                                  ; using write function
    19 00000006 BB01000000                  mov ebx, 1                                  ; fd of stdout
    20 0000000B B9[00000000]                mov ecx, AskInput                           ; output string address
    21 00000010 BA11000000                  mov edx, AskInputLen                        ; length of the string
    22 00000015 CD80                        int 0x80                                    ; call linux interrupt service dispatcher
    23                                                                      
    24                                  GetInput:
    25 00000017 B803000000                  mov eax, 3                                  ; using read function
    26 0000001C BB00000000                  mov ebx, 0                                  ; fd of stdin
    27 00000021 B9[00000000]                mov ecx, Buff                               ; pointer to buffer
    28 00000026 BAFF000000                  mov edx, 255                                ; number of bytes to read
    29 0000002B CD80                        int 0x80                                    ; call linux interrupt service dispatcher
    30                                  
    31                                  EchoBack:
    32 0000002D B804000000                  mov eax, 4                                  ; using write function
    33 00000032 BB01000000                  mov ebx, 1                                  ; fd of stdout
    34 00000037 B9[00000000]                mov ecx, Buff                               ; output string buffer address
    35 0000003C BAFF000000                  mov edx, 255                                ; length of the string buffer
    36 00000041 CD80                        int 0x80                                    ; call linux interrupt service dispatcher
    37                                  
    38                                  ;====================================
    39                                  ; Exit Call
    40                                  ;====================================
    41 00000043 B801000000                  mov eax, 1                                  ; exit function number
    42 00000048 BB00000000                  mov ebx, 0                                  ; send 0 as the exit code for now
    43 0000004D CD80                        int 0x80                                    ; call linux interrupt service dispatcher
